     1                                      [map all BASIC.MAP]
     2                                      [DEFAULT REL]
     3                                      BITS 64
     4                                  %include "MEM.INC"
     5                              <1> 
     6                              <1> progLineBlockType   equ 0   ;Program Line
     7                              <1> varBlockType        equ 1   ;Variable block
     8                              <1> datBlockType        equ 2   ;Data block (i.e. a string block)
     9                              <1> 
    10                              <1> notLastMemBlock equ "t" ;Used for blocks that are not the last block
    11                              <1> lastMemBlock    equ "r" ;Used by the last block to indicate end of chain
    12                              <1> 
    13                              <1> %macro memBlockM 0 ;Memory block Macro
    14                              <1>     .bSignature resb 1      ;Valid Signature
    15                              <1>     .wBlockSize resw 1      ;Total block size in bytes
    16                              <1>     .bBlockType resb 1      ;Block type, program line, variable or string
    17                              <1> %endmacro
    18                              <1> 
    19                              <1> struc memBlock
    20                              <1>     memBlockM
    14 00000000 ??                  <2>  .bSignature resb 1
    15 00000001 ????                <2>  .wBlockSize resw 1
    16 00000003 ??                  <2>  .bBlockType resb 1
    21                              <1> endstruc
    22                              <1> 
    23                              <1> struc progLineBlock
    24                              <1>     memBlockM               ;Common memory block header
    14 00000000 ??                  <2>  .bSignature resb 1
    15 00000001 ????                <2>  .wBlockSize resw 1
    16 00000003 ??                  <2>  .bBlockType resb 1
    25 00000004 ????                <1>     .wLineNum   resw 1      ;Line number, up to 65535
    26 00000006 ????????????????    <1>     .qPtr       resq 1      ;Pointer to the next line, or -1 if last line
    27 0000000E <res 100h>          <1>     .sLine      resb maxLineLen  ;Maximum length 255, keep null char but 
    28                              <1>     ;                             NOT LINE NUMBER OR PRECEEDING SPACES
    29                              <1> endstruc
    30                              <1> 
    31                              <1> struc varBlock
    32                              <1>     memBlockM               ;Common memory block header
    14 00000000 ??                  <2>  .bSignature resb 1
    15 00000001 ????                <2>  .wBlockSize resw 1
    16 00000003 ??                  <2>  .bBlockType resb 1
    33 00000004 ????????????????    <1>     .qValue     resq 1      ;One qword, either value or pointer to string
    34                              <1>     .sVarName:              ;Up to 40 chars for the var name
    35                              <1> endstruc
    36                              <1> 
    37                              <1> struc stringBlock
    38                              <1>     memBlockM
    14 00000000 ??                  <2>  .bSignature resb 1
    15 00000001 ????                <2>  .wBlockSize resw 1
    16 00000003 ??                  <2>  .bBlockType resb 1
    39 00000004 <res 100h>          <1>     .string     resb maxLineLen    ;Strings allocate 256 chars
    40                              <1>     .sVarName:              ;Up to 40 chars for the var name
    41                              <1> endstruc
    42                              <1> 
    43                              <1> ;Variable equates
    44                              <1> intEquate  equ 0
    45                              <1> strEquate  equ 1
     5                                  Segment .text align=1
     6                                  %include "RELOC.ASM"
     7 00000000 55AA                <1>     dw 0AA55h 
     8                              <1> ;First verify I have Enough RAM for my program and then run
     9 00000002 B801E80000          <1>     mov eax, 0E801h ;Get low memory count in ax
    10 00000007 CD35                <1>     int 35h
    11 00000009 663D0008            <1>     cmp ax, 200000h/400h ;Divide 2Mb into 1Kb chunks.
    12 0000000D 722A                <1>     jb bad
    13 0000000F B9000100C0          <1>     mov ecx, 0C0000100h ;Read FS MSR
    14 00000014 0F32                <1>     rdmsr
    15 00000016 89D7                <1>     mov edi, edx        ;Get the hi dword, and clear the upper bytes
    16 00000018 48C1E720            <1>     shl rdi, 20h        ;Shift high
    17 0000001C 89C7                <1>     mov edi, eax        ;Get the low dword in
    18 0000001E 4889F8              <1>     mov rax, rdi
    19 00000021 488D35(00000000)    <1>     lea rsi, section.resSeg.start
    20 00000028 4881C7[26110000]    <1>     add rdi, bssLen
    21 0000002F B900100000          <1>     mov ecx, 1000h
    22 00000034 F348A5              <1>     rep movsq
    23 00000037 FFE0                <1>     jmp qword rax
    24                              <1> bad:
    25 00000039 488D2D0D000000      <1>     lea rbp, badmsg
    26 00000040 B804130000          <1>     mov eax, 1304h
    27 00000045 CD30                <1>     int 30h
    28 00000047 30E4                <1>     xor ah, ah
    29 00000049 CD36                <1>     int 36h
    30 0000004B CD38                <1>     int 38h
    31 0000004D 4E6F7420456E6F7567- <1> badmsg: db "Not Enough Memory. Press any key to enter SYSDEBUG...",0
    31 00000056 68204D656D6F72792E- <1>
    31 0000005F 20507265737320616E- <1>
    31 00000068 79206B657920746F20- <1>
    31 00000071 656E74657220535953- <1>
    31 0000007A 44454255472E2E2E00  <1>
     7                                  Segment dSeg nobits align=1 start=0
     8                                  %include "BSS.ASM"
     9 00000000 <res FC0h>          <1> stack       resq 200h - 8  ;Save 4Kb stack space
    10 00000FC0 ????????????????    <1> stacktop    resq 1
    11                              <1> 
    12                              <1> maxLineLen  equ 256
    13 00000FC8 <res 100h>          <1> inString    resb maxLineLen         ;256 character input string
    14                              <1> 
    15                              <1> ;This string is used for printing long numbers and saving
    16                              <1> ; the variable names for string comparisons
    17                              <1> digitStringLen  equ 48
    18 000010C8 <res 30h>           <1> digitString resb digitStringLen     
    19                              <1> 
    20 000010F8 ????????????????    <1> minMemAddr  resq 1  ;Pointer from where to start allocating memory blocks
    21 00001100 ????????????????    <1> maxMemAddr  resq 1  ;Pointer to the byte past which we cannot allocate anything
    22                              <1> ;==============================================================================
    23                              <1> ;This is the SDA for each program and must be included in the program area
    24                              <1> ; once we add the ability to save the program to disk.
    25                              <1> ;==============================================================================
    26                              <1> 
    27                              <1> ;void* mcbChain, lastBlock, firstLinPtr = -1 => New program, empty entries
    28                              <1> 
    29 00001108 ??                  <1> strLen      resb 1  ;Counter for number of chars entered in string
    30 00001109 ??                  <1> stateByte   resb 1  ;TROFF/TRON etc, unused for now
    31 0000110A ????????????????    <1> mcbChain    resq 1  ;Pointer to the start of the chain
    32 00001112 ????????????????    <1> lastBlock   resq 1  ;Pointer to the last block
    33 0000111A ????????????????    <1> firstLinPtr resq 1  ;Pointer to the programs' first line 
    34 00001122 ????                <1> firstLinNum resw 1  ;Line number of the first line of the program
    35 00001124 ????                <1> currentLine resw 1  ;Currently being executed line number
    36                              <1> 
    37                              <1> bssLen: ;Needed to compute the resident portion load location
     9                                  Segment resSeg follows=.text align=1 vfollows=dSeg valign=1
    10                                  %include "MAIN.ASM"
    11                              <1> start:
    12 00000000 B801C50000          <1>     mov eax, 0C501h
    13 00000005 CD35                <1>     int 35h         ;Connect the debugger
    14 00000007 E856010000          <1>     call ttyClear   ;Clear the teletype
    15                              <1>     ;Memory stuff
    16 0000000C 488D2DFE060000      <1>     lea rbp, mainmsg
    17 00000013 E83D010000          <1>     call ttyOutString
    18 00000018 E88D060000          <1>     call memoryDetection
    19 0000001D 488D2D01070000      <1>     lea rbp, bytemsg
    20 00000024 E82C010000          <1>     call ttyOutString
    21 00000029 E8AE030000          <1>     call newProgram         ;Use this to reset program pointers
    22                              <1> mainLoop:
    23 0000002E FC                  <1>     cld                 ;Set default string op direction
    24 0000002F 488D25(C00F0000)    <1>     lea rsp, stacktop    ;Reinitialize stack pointer
    25 00000036 488D05F1FFFFFF      <1>     lea rax, mainLoop
    26 0000003D 50                  <1>     push rax    ;Save address on stack
    27 0000003E 488D2DC7060000      <1>     lea rbp, prompt
    28 00000045 E80B010000          <1>     call ttyOutString
    29                              <1> .ml0:
    30                              <1> ;This section will execute an input line if it is an interactive expression
    31                              <1> ; or store it in the program if it has a line number.
    32                              <1> ;It will keep accepting lines until a line is entered without a line number
    33 0000004A E869000000          <1>     call getLineInput
    34 0000004F E8F3030000          <1>     call decimalToHex   ;Check to see if we have a valid line number
    35                              <1>     ;xchg bx, bx
    36 00000054 6685C0              <1>     test ax, ax
    37 00000057 7506                <1>     jnz .saveLine
    38                              <1> ;Here we execute the line
    39 00000059 E81D010000          <1>     call executeExpression
    40 0000005E C3                  <1>     ret
    41                              <1> .saveLine:
    42                              <1>     ;ax has the line number
    43 0000005F 6689C2              <1>     mov dx, ax
    44 00000062 E811050000          <1>     call searchForProgramLine
    45 00000067 4881FBFFFFFFFF      <1>     cmp rbx, -1
    46 0000006E 751D                <1>     jne .commonProc ;If not equal, line must exist, continue
    47 00000070 E8A7010000          <1>     call spaceSkip  ;Skip all the prceeding spaces
    48 00000075 803E00              <1>     cmp byte [rsi], 0  ;Is the first non space char the end of the string?
    49 00000078 742D                <1>     je .lineDoesntExist
    50                              <1>     ;So we have a new line that isn't empty, allocate a new block for this line
    51 0000007A E849040000          <1>     call allocateBlock  ;Return a default block in rbx
    52 0000007F C6430300            <1>     mov byte [rbx + progLineBlock.bBlockType], progLineBlockType
    53 00000083 66894304            <1>     mov word [rbx + progLineBlock.wLineNum], ax
    54 00000087 66C743010E01        <1>     mov word [rbx + progLineBlock.wBlockSize], progLineBlock_size
    55                              <1> .commonProc:
    56                              <1>     ;If the line already exists, simply override the stored string
    57                              <1>     ;rbx has a pointer to the block
    58 0000008D E80A060000          <1>     call strlen ;Get the string length
    59 00000092 488D7B0E            <1>     lea rdi, qword [rbx + progLineBlock.sLine]  ;Get address here
    60 00000096 E8F8050000          <1>     call strcpy ;Copy the program string to the program block
    61 0000009B 56                  <1>     push rsi
    62 0000009C 4889DE              <1>     mov rsi, rbx    ;Move the block into rsi
    63 0000009F E8F7040000          <1>     call insertProgramLine
    64 000000A4 5E                  <1>     pop rsi
    65 000000A5 EBA3                <1>     jmp short .ml0
    66                              <1> .lineDoesntExist:
    67 000000A7 488D2DE5060000      <1>     lea rbp, lineNoXist
    68                              <1> ;For any error, syntax or otherwise, come here
    69                              <1> criticalError:
    70                              <1> ;Called with rbp pointing at error message
    71 000000AE E8A2000000          <1>     call ttyOutString
    72 000000B3 E976FFFFFF          <1>     jmp mainLoop    ;Trash input line, restart line input
    11                                  %include "TTY.ASM"
    12                              <1> getLineInput:
    13                              <1>     ;Sets rsi to the inputstring
    14 000000B8 30E4                <1>     xor ah, ah
    15 000000BA 8825(08110000)      <1>     mov byte [strLen], ah   ;Zero the char counter
    16 000000C0 488D3D(C80F0000)    <1>     lea rdi, inString   ;Move to start of line
    17 000000C7 4889FE              <1>     mov rsi, rdi
    18 000000CA 57                  <1>     push rdi
    19 000000CB B900010000          <1>     mov ecx, maxLineLen
    20 000000D0 B00D                <1>     mov al, 0Dh    ;Ensure the input line is sanitised
    21 000000D2 F3AA                <1>     rep stosb
    22 000000D4 5F                  <1>     pop rdi
    23                              <1> .getChar:
    24 000000D5 E883000000          <1>     call ttyIn
    25 000000DA 3C0D                <1>     cmp al, 0Dh ;Line Feed
    26 000000DC 7456                <1>     je .gliExit
    27 000000DE 3C08                <1>     cmp al, 08h ;Bspace
    28 000000E0 740F                <1>     je .glibspace
    29 000000E2 803D(08110000)FE    <1>     cmp byte [strLen], -2   ;If at max length (255 chars), simply beep and wait for either bspace or enter
    30 000000E9 7459                <1>     je .gliFull 
    31 000000EB 84C0                <1>     test al, al
    32 000000ED 7443                <1>     je .gliExtendedChar
    33 000000EF EB29                <1>     jmp short .gliCheckCase
    34                              <1> .glibspace:
    35 000000F1 F605(08110000)FF    <1>     test byte [strLen], -1  ;This will only be zero if strLen=0
    36 000000F8 74DB                <1>     jz .getChar
    37 000000FA 48FFCF              <1>     dec rdi ;Go back by one position in the input line
    38 000000FD FE0D(08110000)      <1>     dec byte [strLen]
    39 00000103 B008                <1>     mov al, 08h
    40 00000105 E846000000          <1>     call ttyOutChar
    41 0000010A B020                <1>     mov al, 20h  
    42 0000010C E83F000000          <1>     call ttyOutChar
    43 00000111 B008                <1>     mov al, 08h
    44 00000113 E838000000          <1>     call ttyOutChar
    45 00000118 EBBB                <1>     jmp short .getChar
    46                              <1> .gliCheckCase:
    47                              <1>     ;al has char
    48 0000011A E831000000          <1>     call ttyOutChar ;Echo the char as is, but store it uppercase
    49 0000011F 3C61                <1>     cmp al, "a"
    50 00000121 7206                <1>     jb .gliccStore
    51 00000123 3C7A                <1>     cmp al, "z"
    52 00000125 7702                <1>     ja .gliccStore
    53 00000127 2C20                <1>     sub al, 20h
    54                              <1> .gliccStore:
    55 00000129 AA                  <1>     stosb   ;Increment the pointer, add char to buffer
    56 0000012A FE05(08110000)      <1>     inc byte [strLen]   ;Inc char count
    57 00000130 EBA3                <1>     jmp short .getChar
    58                              <1> .gliExtendedChar:
    59                              <1>     ;Currently, extended chars do nothing, 
    60                              <1>     ; eventually add F1-F10 functionality
    61                              <1>     ; and arrow key support
    62 00000132 EBA1                <1>     jmp short .getChar
    63                              <1> .gliExit:
    64 00000134 488D2DF8050000      <1>     lea rbp, crlf
    65 0000013B E815000000          <1>     call ttyOutString
    66 00000140 C60700              <1>     mov byte [rdi], 0   ;Null terminate string here
    67 00000143 C3                  <1>     ret
    68                              <1> .gliFull:
    69 00000144 B007                <1>     mov al, 07h
    70 00000146 E805000000          <1>     call ttyOutChar
    71 0000014B E985FFFFFF          <1>     jmp .getChar
    72                              <1> 
    73                              <1> ttyOutChar:
    74 00000150 B40E                <1>     mov ah, 0Eh
    75 00000152 CD30                <1>     int 30h
    76 00000154 C3                  <1>     ret
    77                              <1> ttyOutString:
    78 00000155 B804130000          <1>     mov eax, 1304h
    79 0000015A CD30                <1>     int 30h
    80 0000015C C3                  <1>     ret
    81                              <1> ttyIn:
    82 0000015D 30E4                <1>     xor ah, ah
    83 0000015F CD36                <1>     int 36h
    84 00000161 C3                  <1>     ret
    85                              <1> ttyClear:
    86 00000162 B800050000          <1>     mov eax, 0500h  ;Set page zero as the default page
    87 00000167 CD30                <1>     int 30h
    88 00000169 B402                <1>     mov ah, 02h
    89 0000016B 31D2                <1>     xor edx, edx    ;Set screen cursor to top right corner
    90 0000016D 88D7                <1>     mov bh, dl      ;Set cursor for page 0
    91 0000016F CD30                <1>     int 30h
    92 00000171 B707                <1>     mov bh, 07h     ;Grey/Black attribs
    93 00000173 B800060000          <1>     mov eax, 0600h  ;Clear whole screen
    94 00000178 CD30                <1>     int 30h
    95 0000017A C3                  <1>     ret
    12                                  %include "PROCESS.ASM"
    13                              <1> executeExpression:
    14                              <1> ;rsi must point to the start of the portion of the line to execute
    15 0000017B E89C000000          <1>     call spaceSkip  ;Skip any leading spaces
    16 00000180 803E00              <1>     cmp byte [rsi], 0   ;Null terminated line, empty line?
    17 00000183 743F                <1>     je .exit
    18                              <1>     ;rsi now points to function
    19 00000185 488D3D0B020000      <1>     lea rdi, funTbl     ;Point rdi to the function table
    20                              <1> .functionFinderLoop:
    21 0000018C 0FB60F              <1>     movzx ecx, byte [rdi]  ;Get the string length  
    22 0000018F 80F9FF              <1>     cmp cl, -1  ;-1 is the end of table marker, either Var assignment or error
    23 00000192 7431                <1>     je .variableAssignment 
    24 00000194 56                  <1>     push rsi    ;Save ptr to start of string on stack 
    25 00000195 57                  <1>     push rdi
    26 00000196 48FFC7              <1>     inc rdi             ;Goto first char in function name
    27 00000199 F3A6                <1>     repe cmpsb
    28 0000019B 5F                  <1>     pop rdi
    29 0000019C 5E                  <1>     pop rsi     ;Return ptr to start of string pointer from stack
    30 0000019D 84C9                <1>     test cl, cl ;Did all the chars match?
    31 0000019F 740F                <1>     jz .functionFound
    32 000001A1 480FB607            <1>     movzx rax, byte [rdi]    ;Skip unnecessary function pointer
    33 000001A5 480502000000        <1>     add rax, 2      ;Add 2 to skip relative pointer
    34 000001AB 4801C7              <1>     add rdi, rax
    35 000001AE EBDC                <1>     jmp short .functionFinderLoop
    36                              <1> .functionFound:
    37                              <1>     ;Function found! Execute!
    38                              <1>     ;rsi points to start of expression to evaluate for function
    39                              <1>     ;rdi points to table entry
    40 000001B0 488D1DE0010000      <1>     lea rbx, funTbl         ;Get table address
    41 000001B7 480FB617            <1>     movzx rdx, byte [rdi]   ;Get pascal string length
    42 000001BB 0FB71417            <1>     movzx edx, word [rdi + rdx]    ;Add pascal strlen to table entry and get ptr
    43 000001BF 4801D3              <1>     add rbx, rdx    ;Add word offset to table base
    44 000001C2 FFE3                <1>     jmp rbx ;Goto function pointer in rbx
    45                              <1> 
    46                              <1>     
    47                              <1> .exit:
    48 000001C4 C3                  <1>     ret
    49                              <1> 
    50                              <1> .variableAssignment:
    51                              <1>     ;Establish if the string is a variable assignment or not
    52                              <1>     ;rsi points to start of string
    53 000001C5 E85D000000          <1>     call getVarNameLength   ;Get the variable name length
    54 000001CA 4889F7              <1>     mov rdi, rsi    ;Save ptr to start of string in rdi
    55 000001CD 4801CE              <1>     add rsi, rcx    ;Go to end of string
    56 000001D0 E847000000          <1>     call spaceSkip  ;Skip spaces after the end of the var name
    57 000001D5 AC                  <1>     lodsb   ;Get the first char after the spaces. This must be a =
    58 000001D6 3C3D                <1>     cmp al, "="
    59 000001D8 7536                <1>     jne .exitError
    60 000001DA 4889FE              <1>     mov rsi, rdi    ;Return rsi to the start of the string name
    61 000001DD 4801CE              <1>     add rsi, rcx    ;Go to end of var name
    62 000001E0 48FFCE              <1>     dec rsi
    63 000001E3 AC                  <1>     lodsb           ;Get the last char into al
    64 000001E4 3C24                <1>     cmp al, "$"     ;Are we a string variable?
    65 000001E6 7434                <1>     je .stringAssignment
    66 000001E8 E82F000000          <1>     call spaceSkip  ;Skip any spaces
    67 000001ED 48FFC6              <1>     inc rsi         ;Go past the equality sign
    68 000001F0 E827000000          <1>     call spaceSkip  ;Skip any spaces
    69 000001F5 E877000000          <1>     call handleAlgebraicExpression  ;Get the result of the expression into rax
    70 000001FA 4889FE              <1>     mov rsi, rdi    ;Return the start of the string into rsi
    71 000001FD E854010000          <1>     call setNumericVariable
    72                              <1>     ;Now see if the line has any more expressions
    73 00000202 E886010000          <1>     call findOtherExpressionsOnLine
    74 00000207 84C0                <1>     test al, al ;If al is null, no more expressions on the line
    75 00000209 0F856CFFFFFF        <1>     jnz executeExpression    ;Execute portion
    76 0000020F C3                  <1>     ret
    77                              <1> 
    78                              <1> .exitError:
    79 00000210 488D2D5D050000      <1>     lea rbp, syntax ;Syntax error, keyword a bit confused
    80 00000217 E992FEFFFF          <1>     jmp criticalError
    81                              <1> 
    82                              <1> .stringAssignment:
    13                                  %include "PARSE.ASM"
    14                              <1> ;Main Parsing Routines go here
    15                              <1> 
    16                              <1> spaceSkip:
    17                              <1> ;Allows us to skip spaces that might have been placed for
    18                              <1> ; ease of reading by the user.
    19                              <1> ;Input: rsi = Pointer to string
    20                              <1> ;Output: rsi = First non space character encountered
    21 0000021C 803E20              <1>     cmp byte [rsi], " "
    22 0000021F 7505                <1>     jne .exit
    23 00000221 48FFC6              <1>     inc rsi
    24 00000224 EBF6                <1>     jmp short spaceSkip
    25                              <1> .exit:
    26 00000226 C3                  <1>     ret
    27                              <1> 
    28                              <1> getVarNameLength:
    29                              <1> ;Input: rsi = Start of var name
    30                              <1> ;Output: ecx = Length of varname
    31 00000227 50                  <1>     push rax
    32 00000228 56                  <1>     push rsi
    33 00000229 57                  <1>     push rdi
    34 0000022A 53                  <1>     push rbx
    35 0000022B 52                  <1>     push rdx
    36 0000022C 31D2                <1>     xor edx, edx    ;Clear counter of chars
    37 0000022E 488D1D13050000      <1>     lea rbx, varChrs    ;Get the list of valid variable name chars
    38                              <1> .search:
    39 00000235 4889DF              <1>     mov rdi, rbx    ;Save pointer in rbx
    40 00000238 AC                  <1>     lodsb       ;Get the first char into al
    41 00000239 B91C000000          <1>     mov ecx, numVarChars
    42 0000023E F2AE                <1>     repne scasb       ;Look for char in the valid chars list
    43 00000240 750A                <1>     jne .exit   ;Char not found, drop it
    44 00000242 FFC2                <1>     inc edx     ;Add one to number of chars found
    45 00000244 81FA28000000        <1>     cmp edx, 40 ;At position for char 40?
    46 0000024A 72E9                <1>     jb .search  ;Whilst below, keep going
    47                              <1> .exit:
    48 0000024C 89D1                <1>     mov ecx, edx
    49 0000024E 5A                  <1>     pop rdx
    50 0000024F 5B                  <1>     pop rbx
    51 00000250 5F                  <1>     pop rdi
    52 00000251 5E                  <1>     pop rsi
    53 00000252 58                  <1>     pop rax
    54 00000253 C3                  <1>     ret
    55                              <1> 
    56                              <1> getVarType:
    57                              <1> ;Input: rsi = Start of var name
    58                              <1> ;       rcx = Length of varname
    59                              <1> ;Output: ebx = 0 => Integer
    60                              <1> ;        ebx = 1 => String
    61 00000254 50                  <1>     push rax
    62 00000255 51                  <1>     push rcx
    63 00000256 56                  <1>     push rsi
    64 00000257 48FFC9              <1>     dec rcx         ;Get second to last char in name
    65 0000025A 4801CE              <1>     add rsi, rcx    ;Move rsi to that char
    66 0000025D AC                  <1>     lodsb   ;Get the char into al
    67 0000025E BB00000000          <1>     mov ebx, intEquate
    68 00000263 B901000000          <1>     mov ecx, strEquate
    69 00000268 3C24                <1>     cmp al, "$"     ;String?
    70 0000026A 0F44D9              <1>     cmove ebx, ecx  ;Move the string type into ebx
    71 0000026D 5E                  <1>     pop rsi
    72 0000026E 59                  <1>     pop rcx
    73 0000026F 58                  <1>     pop rax
    74 00000270 C3                  <1>     ret
    75                              <1> 
    76                              <1> handleAlgebraicExpression:
    77                              <1> ;Input: rsi = Points to a mathematical expression
    78                              <1> ;Output: rax = Result of said expression
    79                              <1> ;Declares a syntax error if weird chars found
    80                              <1> ;Declares a type error if a string variable found
    81 00000271 E828000000          <1>     call .handleSecondLevel
    82                              <1> .parseAdditiveOperators:    
    83 00000276 803E2D              <1>     cmp byte [rsi], '-'
    84 00000279 7415                <1>     je .processMinus
    85 0000027B 803E2B              <1>     cmp byte [rsi], '+'
    86 0000027E 0F8596000000        <1>     jne .exit              ;No operators, expression evaluated, exit
    87 00000284 50                  <1>     push rax
    88 00000285 E811000000          <1>     call .handleSecondLevelSkip   ;Parse second level
    89                              <1> .processAdd:    
    90 0000028A 59                  <1>     pop rcx
    91 0000028B 4801C8              <1>     add rax, rcx           ;Add the two numbers
    92 0000028E EBE6                <1>     jmp short .parseAdditiveOperators  ;Search again for + or -
    93                              <1> .processMinus:
    94 00000290 50                  <1>     push rax
    95 00000291 E805000000          <1>     call .handleSecondLevelSkip   ;Parse second level
    96 00000296 48F7D8              <1>     neg rax              ;Change a - b to a + -b
    97 00000299 EBEF                <1>     jmp short .processAdd
    98                              <1> 
    99                              <1> ;Level 2, Division and multiplication
   100                              <1> 
   101                              <1> .handleSecondLevelSkip:
   102 0000029B 48FFC6              <1>     inc rsi              ;Skip the op symbol
   103                              <1> .handleSecondLevel:
   104 0000029E E82C000000          <1>     call .handleThirdLevel      ;Call third level
   105                              <1> .parseProductOperators:   
   106 000002A3 803E2F              <1>     cmp byte [rsi], '/'
   107 000002A6 7411                <1>     je .processDiv
   108 000002A8 803E2A              <1>     cmp byte [rsi], '*'
   109 000002AB 756D                <1>     jne .exit           ;Neither multiplication or division, return up a level
   110                              <1> 
   111 000002AD 50                  <1>     push rax
   112 000002AE E819000000          <1>     call .handleThirdLevelSkip   ;Call third level
   113 000002B3 59                  <1>     pop rcx
   114 000002B4 48F7E9              <1>     imul rcx             ; Multiplication
   115 000002B7 EBEA                <1>     jmp short .parseProductOperators   ;Search again for * or /
   116                              <1> 
   117                              <1> .processDiv:
   118 000002B9 50                  <1>     push rax
   119 000002BA E80D000000          <1>     call .handleThirdLevelSkip   ;Call third level
   120 000002BF 59                  <1>     pop rcx
   121 000002C0 4891                <1>     xchg rax, rcx
   122 000002C2 31D2                <1>     xor edx, edx         ;Clear rdx for rdx:rax
   123 000002C4 48F7F9              <1>     idiv rcx             ;Signed division
   124 000002C7 E9D7FFFFFF          <1>     jmp .parseProductOperators         ;Search again for * or /
   125                              <1> 
   126                              <1> ;Level 3, Brackets, numbers and vars.
   127                              <1> 
   128                              <1> .handleThirdLevelSkip:
   129 000002CC 48FFC6              <1>     inc rsi             ;Skip the op symbol
   130                              <1> .handleThirdLevel:
   131 000002CF E848FFFFFF          <1>     call spaceSkip
   132 000002D4 AC                  <1>     lodsb               ;Read char and adv rsi
   133 000002D5 3C28                <1>     cmp al, '('
   134 000002D7 750C                <1>     jne .notBracket
   135 000002D9 E893FFFFFF          <1>     call handleAlgebraicExpression  ;Parse the inner expression
   136 000002DE 803E29              <1>     cmp byte [rsi], ')'   
   137 000002E1 7438                <1>     je .closeBracket     ;If close bracket, goto skip spaces
   138 000002E3 EB3E                <1>     jmp short .error     ;Otherwise, error
   139                              <1> 
   140                              <1> .notBracket:    
   141 000002E5 3C5E                <1>     cmp al, "^"
   142 000002E7 742A                <1>     je .exponentFound
   143                              <1> .varConstCheck:
   144 000002E9 3C40                <1>     cmp al, 40h       ;Alphanumeric first char?
   145 000002EB 730D                <1>     jnc .varOrRNDFound      ;Yes, variable found or rnd function
   146 000002ED 48FFCE              <1>     dec rsi            ;Else back one symbol 
   147 000002F0 E852010000          <1>     call decimalToHex  ;to read number into rax
   148 000002F5 E922FFFFFF          <1>     jmp spaceSkip
   149                              <1> 
   150                              <1> .varOrRNDFound:    
   151 000002FA 3C72                <1>     cmp al, "r"
   152 000002FC 7517                <1>     jne .varFound
   153 000002FE 803E6E              <1>     cmp byte [rsi], "n" ;rsi was advanced by 1, check 
   154 00000301 7512                <1>     jne .varFound
   155 00000303 807E0164            <1>     cmp byte [rsi+1], "d"
   156 00000307 750C                <1>     jne .varFound
   157 00000309 66AD                <1>     lodsw               ;Advance rsi by 3
   158 0000030B AC                  <1>     lodsb
   159 0000030C E440                <1>     in al, 40h         ;Read timer counter 0
   160 0000030E 480FB6C0            <1>     movzx rax, al
   161 00000312 C3                  <1>     ret
   162                              <1> .exponentFound:
   163 00000313 EBD4                <1>    jmp short .varConstCheck
   164                              <1> .varFound:    
   165 00000315 E815000000          <1>     call getNumericVariable ;Get variable value in rax
   166                              <1> .exit:
   167 0000031A C3                  <1>     ret                ;Return
   168                              <1> .closeBracket:
   169 0000031B 66FFC6              <1>     inc si
   170 0000031E E9F9FEFFFF          <1>     jmp spaceSkip
   171                              <1> 
   172                              <1> .error:
   173 00000323 488D2D4A040000      <1>     lea rbp, syntax
   174 0000032A E97FFDFFFF          <1>     jmp criticalError
   175                              <1> 
   176                              <1> 
   177                              <1> getNumericVariable:
   178                              <1> ;Gets the value stored in a variable into rax 
   179                              <1> ;Input: rsi = Pointer to first char of a variable name
   180                              <1> ;Output: rax = Variable Value
   181                              <1> ;        rsi = Pointer to first char of a variable name
   182 0000032F 56                  <1>     push rsi
   183 00000330 51                  <1>     push rcx
   184 00000331 53                  <1>     push rbx
   185 00000332 E8F0FEFFFF          <1>     call getVarNameLength   ;Returns the length of the var name in cx
   186 00000337 E8E8010000          <1>     call findVariable       ;Returns a pointer to the variable block in rbx
   187 0000033C 807B0301            <1>     cmp byte [rbx + memBlock.bBlockType], varBlockType
   188 00000340 7508                <1>     jne .stringFoundError
   189 00000342 488B4304            <1>     mov rax, qword [rbx + varBlock.qValue]
   190 00000346 5B                  <1>     pop rbx
   191 00000347 59                  <1>     pop rcx
   192 00000348 5E                  <1>     pop rsi
   193 00000349 C3                  <1>     ret
   194                              <1> .stringFoundError:
   195 0000034A 488D2D32040000      <1>     lea rbp, typeError
   196 00000351 E958FDFFFF          <1>     jmp criticalError
   197                              <1> 
   198                              <1> setNumericVariable:
   199                              <1> ;Sets the value stored in a variable
   200                              <1> ;Input: rsi = Pointer to first char of a variable name
   201                              <1> ;       rax = Variable value
   202                              <1> ;Output: rsi = Pointer to first char of variable name
   203 00000356 56                  <1>     push rsi
   204 00000357 51                  <1>     push rcx
   205 00000358 53                  <1>     push rbx
   206                              <1> 
   207 00000359 E8C9FEFFFF          <1>     call getVarNameLength   ;Returns the length of the var name in cx
   208 0000035E E8C1010000          <1>     call findVariable       ;Returns a pointer to the variable block in rbx
   209 00000363 4881FBFFFFFFFF      <1>     cmp rbx, -1             ;Variable doesnt exit?
   210 0000036A 740E                <1>     je .makeEditInteger      ;Make one!
   211 0000036C 807B0301            <1>     cmp byte [rbx + memBlock.bBlockType], varBlockType
   212 00000370 750F                <1>     jne .stringFoundError
   213 00000372 48894304            <1>     mov qword [rbx + varBlock.qValue], rax  ;Save value
   214                              <1> .exit:
   215 00000376 5B                  <1>     pop rbx
   216 00000377 59                  <1>     pop rcx
   217 00000378 5E                  <1>     pop rsi
   218 00000379 C3                  <1>     ret
   219                              <1> .makeEditInteger:
   220 0000037A E8BC020000          <1>     call makeEditInteger
   221 0000037F EBF5                <1>     jmp short .exit
   222                              <1> .stringFoundError:
   223 00000381 488D2DFB030000      <1>     lea rbp, typeError
   224 00000388 E921FDFFFF          <1>     jmp criticalError
   225                              <1> 
   226                              <1> findOtherExpressionsOnLine:
   227                              <1> ;Input: rsi = start of line portion
   228                              <1> ;Output: rsi = points to first char after first ":" found
   229                              <1> ;         al = : if it was found or 00 if not
   230 0000038D AC                  <1>     lodsb
   231 0000038E 3C00                <1>     cmp al, 0   ;Null hit, RIP procedure
   232 00000390 7404                <1>     je .exit
   233 00000392 3C3A                <1>     cmp al, ":" ;Strings can be terminated with a :
   234 00000394 75F7                <1>     jne findOtherExpressionsOnLine
   235                              <1> .exit:
   236 00000396 C3                  <1>     ret
    14                                  %include "COMMANDS.ASM"
    15                              <1> 
    16                              <1> funTbl:
    17                              <1> ;Use PASCAL strings to know how long the comparisons need to be
    18                              <1> ;All function pointers are saved as distances from the head
    19                              <1> ; of the function table
    20 00000397 044E4557            <1>     db 4,"NEW"
    21 0000039B 4500                <1>     dw newProgram - funTbl 
    22                              <1> 
    23 0000039D 054C495354          <1>     db 5,"LIST"
    24 000003A2 9300                <1>     dw listProgram - funTbl 
    25                              <1> 
    26 000003A4 0452554E            <1>     db 4,"RUN"
    27 000003A8 9600                <1>     dw runProgram - funTbl
    28                              <1> 
    29 000003AA 065052494E54        <1>     db 6,"PRINT"
    30 000003B0 9900                <1>     dw printStatement - funTbl
    31                              <1> 
    32 000003B2 06494E505554        <1>     db 6,"INPUT"
    33 000003B8 9C00                <1>     dw getInput - funTbl
    34                              <1> 
    35 000003BA 034946              <1>     db 3,"IF"
    36 000003BD 9F00                <1>     dw handleIf - funTbl
    37                              <1> 
    38 000003BF 05474F544F          <1>     db 5,"GOTO"
    39 000003C4 A200                <1>     dw fancyJmp - funTbl
    40                              <1> 
    41 000003C6 0753595354454D      <1>     db 7,"SYSTEM"
    42 000003CD A500                <1>     dw returnToDOS - funTbl
    43                              <1> 
    44 000003CF 04464F52            <1>     db 4,"FOR"
    45 000003D3 A800                <1>     dw forLoop - funTbl
    46                              <1> 
    47 000003D5 04434C53            <1>     db 4, "CLS"
    48 000003D9 AB00                <1>     dw cls - funTbl
    49                              <1> 
    50 000003DB FF                  <1>     db -1    ;Demarkate the end of the table
    51                              <1> 
    52                              <1> newProgram: 
    53                              <1> ;Simply reset the program pointers
    54 000003DC 488D05(00000000)    <1>     lea rax, section.programArea.vstart
    55 000003E3 488905(F8100000)    <1>     mov qword [minMemAddr], rax
    56 000003EA 488905(12110000)    <1>     mov qword [lastBlock], rax  ;Start writing at this location
    57 000003F1 488905(0A110000)    <1>     mov qword [mcbChain], rax   ;Create a mock MCB here
    58 000003F8 C60072              <1>     mov byte [rax + memBlock.bSignature], lastMemBlock
    59 000003FB 66C740010000        <1>     mov word [rax + memBlock.wBlockSize], 0 ;Dummy block, no size, gets overwritten
    60 00000401 31C0                <1>     xor eax, eax
    61 00000403 8805(08110000)      <1>     mov byte [strLen], al
    62 00000409 488D3D(C80F0000)    <1>     lea rdi, inString
    63 00000410 B900010000          <1>     mov ecx, maxLineLen
    64 00000415 F3AA                <1>     rep stosb
    65 00000417 C605(24110000)0A    <1>     mov byte [currentLine], 10  ;Default to line 10
    66 0000041E 48C705(1A110000)FF- <1>     mov qword [firstLinPtr], -1 ;No program in memory
    66 00000426 FFFFFF              <1>
    67 00000429 C3                  <1>     ret
    68                              <1> listProgram:
    69                              <1> ;Go line by line and echo the program lines, inserting a crlf after each
    70                              <1> ;First print the line number, then add a space
    71 0000042A B002                <1>     mov al, 2
    72 0000042C C3                  <1>     ret
    73                              <1> runProgram:
    74                              <1> ;Go to each line, one at a time, skip the line number and execute the expr
    75                              <1> ;First thing it does, takes the first line number and moves it to current line number
    76 0000042D B003                <1>     mov al, 3
    77 0000042F C3                  <1>     ret
    78                              <1> printStatement:
    79                              <1> ;String must be "" delimited
    80 00000430 B004                <1>     mov al, 4
    81 00000432 C3                  <1>     ret
    82                              <1> getInput:
    83                              <1> ;Take a string as a prompt
    84 00000433 B005                <1>     mov al, 5
    85 00000435 C3                  <1>     ret
    86                              <1> handleIf:
    87                              <1> ;Evaluate the string after IF is greater than 0, THEN goto line x
    88                              <1> ;IF exp1 THEN exp2
    89 00000436 B006                <1>     mov al, 6
    90 00000438 C3                  <1>     ret
    91                              <1> fancyJmp:
    92                              <1> ;GOTO, the hell of every dumb high level programmer
    93 00000439 B007                <1>     mov al, 7
    94 0000043B C3                  <1>     ret
    95                              <1> returnToDOS:
    96 0000043C B008                <1>     mov al, 8
    97 0000043E C3                  <1>     ret
    98                              <1> forLoop:
    99 0000043F B009                <1>     mov al, 9
   100 00000441 C3                  <1>     ret
   101                              <1> cls:
   102 00000442 E91BFDFFFF          <1>     jmp ttyClear
    15                                  %include "MATH.ASM"
    16                              <1> decimalToHex:
    17                              <1>     ;Takes ASCII encoded decimal number and 
    18                              <1>     ;returns its hex value
    19                              <1>     ;Input: rsi = Start of numeric ONLY string
    20                              <1>     ;Output: rax = Number
    21                              <1>     ;        rsi = First non-numeric char past end of number
    22 00000447 53                  <1>     push rbx
    23 00000448 51                  <1>     push rcx
    24 00000449 52                  <1>     push rdx
    25 0000044A 31DB                <1>     xor ebx, ebx    ;Start with rbx = 0
    26                              <1> .processDigits:    
    27 0000044C AC                  <1>     lodsb           ;Get the first digit in al
    28 0000044D 2C30                <1>     sub al, 30h     ;Reduce to value
    29 0000044F 31D2                <1>     xor edx, edx    ;Clear for multiplication
    30 00000451 3C0A                <1>     cmp al, 10      ;Digit valid? Propagte CF
    31 00000453 480FB6C0            <1>     movzx rax, al   ;Clear upper bits
    32 00000457 4893                <1>     xchg rax, rbx
    33 00000459 730D                <1>     jnc .exit       ;Digit was not valid, exit
    34 0000045B B90A000000          <1>     mov ecx, 10     ;Multiply result by 10
    35 00000460 48F7E1              <1>     mul rcx
    36 00000463 4801C3              <1>     add rbx, rax    ;Add the new digits
    37 00000466 EBE4                <1>     jmp short .processDigits
    38                              <1> .exit:
    39 00000468 48FFCE              <1>     dec rsi         ;rsi points to first non-digit
    40 0000046B 5A                  <1>     pop rdx
    41 0000046C 59                  <1>     pop rcx
    42 0000046D 5B                  <1>     pop rbx
    43 0000046E C3                  <1>     ret
    44                              <1> 
    45                              <1> printdecimalword:
    46                              <1> ;Takes the qword in rax and prints its decimal representation
    47 0000046F 50                  <1>     push rax
    48 00000470 53                  <1>     push rbx
    49 00000471 488D3D(C8100000)    <1>     lea rdi, digitString   ;Use the default line as a buffer
    50                              <1>     ;Sanitise the digit buffer
    51 00000478 57                  <1>     push rdi
    52 00000479 51                  <1>     push rcx
    53 0000047A 50                  <1>     push rax
    54 0000047B 31C0                <1>     xor eax, eax
    55 0000047D B906000000          <1>     mov ecx, digitStringLen/8
    56 00000482 F348AB              <1>     rep stosq
    57 00000485 58                  <1>     pop rax
    58 00000486 59                  <1>     pop rcx
    59 00000487 5F                  <1>     pop rdi
    60                              <1> 
    61 00000488 4881C72F000000      <1>     add rdi, digitStringLen - 1 ;Go to the end of the buffer
    62 0000048F FD                  <1>     std ;Reverse string ops
    63 00000490 50                  <1>     push rax
    64 00000491 30C0                <1>     xor al, al  ;Place delimiter
    65 00000493 AA                  <1>     stosb
    66 00000494 58                  <1>     pop rax
    67 00000495 48BB0A000000000000- <1>     mov rbx, 0Ah  ;Divide by 10
    67 0000049E 00                  <1>
    68                              <1> .pdw0:
    69 0000049F 31D2                <1>     xor edx, edx
    70 000004A1 48F7F3              <1>     div rbx
    71 000004A4 80C230              <1>     add dl, '0'
    72 000004A7 80FA39              <1>     cmp dl, '9'
    73 000004AA 7603                <1>     jbe .pdw1
    74 000004AC 80C207              <1>     add dl, 'A'-'0'-10
    75                              <1> .pdw1:
    76 000004AF 50                  <1>     push rax
    77 000004B0 88D0                <1>     mov al, dl    ;Save remainder byte
    78 000004B2 AA                  <1>     stosb   ;Store the byte and add one to rdi
    79 000004B3 58                  <1>     pop rax
    80 000004B4 4885C0              <1>     test rax, rax
    81 000004B7 75E6                <1>     jnz .pdw0
    82 000004B9 FC                  <1>     cld ;Return string ops to normal
    83 000004BA 48FFC7              <1>     inc rdi ;Skip the extra 0 that was inserted
    84 000004BD 4889FD              <1>     mov rbp, rdi    ;Point rbp to the head of the string
    85 000004C0 E890FCFFFF          <1>     call ttyOutString
    86 000004C5 5B                  <1>     pop rbx
    87 000004C6 58                  <1>     pop rax
    88 000004C7 C3                  <1>     ret
    16                                  %include "MEMORY.ASM"
    17                              <1> allocateBlock:
    18                              <1> ;Allocates a program memory block, the caller then fixes the specifics
    19                              <1> ;Output: rbx = Pointer to generic memory block, or -1 if memory full
    20                              <1> ;       Caller needs to fill in, block size, block type and specifics
    21 000004C8 488B1D(12110000)    <1>     mov rbx, qword [lastBlock]    ;Get the last block in the chain
    22 000004CF 4881FBFFFFFFFF      <1>     cmp rbx, -1 ;First allocation?
    23 000004D6 742D                <1>     je .firstAllocation
    24 000004D8 C60374              <1>     mov byte [rbx + memBlock.bSignature], notLastMemBlock ;Make it not be the last
    25 000004DB 480FB75301          <1>     movzx rdx, word [rbx + memBlock.wBlockSize] ;Goto end of block
    26 000004E0 4801D3              <1>     add rbx, rdx    ;Move rbx over the previous last block
    27 000004E3 488B15(00110000)    <1>     mov rdx, qword [maxMemAddr]
    28 000004EA 4839D3              <1>     cmp rbx, rdx ;rbx above maxmemory? 
    29 000004ED 770B                <1>     ja .memoryFull
    30 000004EF 48891D(12110000)    <1>     mov qword [lastBlock], rbx  ;New last block
    31 000004F6 C60372              <1>     mov byte [rbx + memBlock.bSignature], lastMemBlock
    32 000004F9 C3                  <1>     ret
    33                              <1> .memoryFull:
    34 000004FA 48BBFFFFFFFFFFFFFF- <1>     mov rbx, -1
    34 00000503 FF                  <1>
    35 00000504 C3                  <1>     ret
    36                              <1> .firstAllocation:
    37                              <1> ;Deal with first allocation
    38 00000505 488D1D(00000000)    <1>     lea rbx, section.programArea.vstart   ;Get this as the head of the chain
    39 0000050C 48891D(12110000)    <1>     mov qword [lastBlock], rbx
    40 00000513 48891D(0A110000)    <1>     mov qword [mcbChain], rbx
    41 0000051A C60372              <1>     mov byte [rbx + memBlock.bSignature], lastMemBlock
    42 0000051D 66C743010000        <1>     mov word [rbx + memBlock.wBlockSize], 0 ;Dummy block
    43 00000523 C3                  <1>     ret
    44                              <1> 
    45                              <1> findVariable:
    46                              <1> ;Input: rsi = Source string for variable name
    47                              <1> ;       ecx = Length of variable name (max 40)
    48                              <1> ;Output: rbx = ptr to varBlock OR -1 if doesnt exist
    49 00000524 50                  <1>     push rax
    50 00000525 51                  <1>     push rcx
    51 00000526 52                  <1>     push rdx
    52 00000527 56                  <1>     push rsi
    53 00000528 57                  <1>     push rdi
    54 00000529 488B1D(0A110000)    <1>     mov rbx, qword [mcbChain]   ;Start of the chain
    55 00000530 4881FBFFFFFFFF      <1>     cmp rbx, -1 ;Chain empty?
    56 00000537 742A                <1>     je .exit
    57                              <1> .search:
    58 00000539 807B0301            <1>     cmp byte [rbx + memBlock.bBlockType], varBlockType
    59 0000053D 740F                <1>     je .varFound    ;We found a variable
    60                              <1> .invalid:
    61                              <1>     ;Are we at the end of the chain?
    62 0000053F 803B72              <1>     cmp byte [rbx + memBlock.bSignature], lastMemBlock
    63 00000542 7415                <1>     je .varNotFound ;At the end of the chain and var not found? Error!
    64 00000544 480FB75301          <1>     movzx rdx, word [rbx + memBlock.wBlockSize]
    65 00000549 4801D3              <1>     add rbx, rdx    ;Goto next block
    66 0000054C EBEB                <1>     jmp short .search
    67                              <1> .varFound:
    68                              <1>     ;Compare to see the var is our var
    69 0000054E 488D7B0C            <1>     lea rdi, qword [rbx + varBlock.sVarName] ;point rdi to the name string
    70 00000552 F3A6                <1>     repe cmpsb  ;Compare one byte at a time
    71 00000554 75E9                <1>     jne .invalid
    72 00000556 F8                  <1>     clc
    73 00000557 EB0A                <1>     jmp short .exit
    74                              <1> .varNotFound:
    75 00000559 48BBFFFFFFFFFFFFFF- <1>     mov rbx, -1
    75 00000562 FF                  <1>
    76                              <1> .exit:
    77 00000563 5F                  <1>     pop rdi
    78 00000564 5E                  <1>     pop rsi
    79 00000565 5A                  <1>     pop rdx
    80 00000566 59                  <1>     pop rcx
    81 00000567 58                  <1>     pop rax
    82 00000568 C3                  <1>     ret
    83                              <1> 
    84                              <1> findFirstLine:
    85                              <1> ;Output: rbx = Pointer to the first program block
    86                              <1> ;         dx = Number of the first line
    87 00000569 488B1D(1A110000)    <1>     mov rbx, qword [firstLinPtr]
    88 00000570 668B15(22110000)    <1>     mov dx, word [firstLinNum]
    89 00000577 C3                  <1>     ret
    90                              <1> 
    91                              <1> ;FIRST SEARCH FOR A LINE NUMBER BEFORE INSERTING IT INTO THE CHAIN
    92                              <1> ;IF THE LINE NUMBER IS FOUND, REPLACE THE COMMAND STRING
    93                              <1> 
    94                              <1> searchForProgramLine:
    95                              <1> ;Walk the program chain looking to see if a line number exists. If it does,
    96                              <1> ; return a pointer to the block in rbx. If it doesn't, return -1 in rbx
    97                              <1> ;Input: dx = Line number
    98                              <1> ;Output: rbx = Pointer to program block 
    99 00000578 488B1D(1A110000)    <1>     mov rbx, qword [firstLinPtr]
   100 0000057F 4881FBFFFFFFFF      <1>     cmp rbx, -1
   101 00000586 7412                <1>     je .lineFound
   102                              <1> .search:
   103 00000588 66395304            <1>     cmp word [rbx + progLineBlock.wLineNum], dx ;Equal line numbers?
   104 0000058C 740C                <1>     je .lineFound
   105 0000058E 488B5B06            <1>     mov rbx, qword [rbx + progLineBlock.qPtr]   ;Walk chain
   106 00000592 48FFC3              <1>     inc rbx ;At the end? If yes, this would be 0 now
   107 00000595 75F1                <1>     jnz .search ;Not zero? Keep searching
   108 00000597 48FFCB              <1>     dec rbx ;Make it -1 again
   109                              <1> .lineFound:
   110 0000059A C3                  <1>     ret
   111                              <1> 
   112                              <1> insertProgramLine:
   113                              <1> ;Walk the program chain looking for the biggest number less than our
   114                              <1> ; line number. Once we have reached the end of the chain, insert the block there, or
   115                              <1> ; if there is no block, then we are the last in the chain
   116                              <1> ;Input: rsi = New Program Block to be added
   117 0000059B 50                  <1>     push rax
   118 0000059C 53                  <1>     push rbx
   119 0000059D 51                  <1>     push rcx
   120 0000059E 52                  <1>     push rdx
   121 0000059F 57                  <1>     push rdi
   122 000005A0 E8C4FFFFFF          <1>     call findFirstLine  ;Get start of program in rbx and line number in dx
   123                              <1> ;First check if we should be the first line
   124 000005A5 6687DB              <1>     xchg bx, bx
   125 000005A8 668B4E04            <1>     mov cx, word [rsi + progLineBlock.wLineNum] ;Save line number in cx
   126 000005AC 4881FBFFFFFFFF      <1>     cmp rbx, -1 ;Empty program marker
   127 000005B3 744D                <1>     je .first
   128 000005B5 6639D1              <1>     cmp cx, dx  ;If cx is below dx, then our entry is first
   129 000005B8 7248                <1>     jb .first    
   130                              <1> ;Use ax as the best line number and rdi as the pointer to that block
   131 000005BA 66B8FFFF            <1>     mov ax, -1  ;Marker to indicate no insertion
   132                              <1> .walk:
   133 000005BE 48817B06FFFFFFFF    <1>     cmp qword [rbx + progLineBlock.qPtr], -1    ;We are at the end
   134 000005C6 7419                <1>     je .sort
   135 000005C8 488B5B06            <1>     mov rbx, qword [rbx + progLineBlock.qPtr] ;Walk chain in rbx
   136 000005CC 663B4B04            <1>     cmp cx, word [rbx + progLineBlock.wLineNum]
   137 000005D0 77EC                <1>     ja .walk    ;If line number is above my line number, keep walking
   138                              <1> .candidate:
   139                              <1>     ;If the new line number is below the old line number, reject
   140 000005D2 663B4304            <1>     cmp ax, word [rbx + progLineBlock.wLineNum]
   141 000005D6 72E6                <1>     jb .walk
   142 000005D8 4889DF              <1>     mov rdi, rbx
   143 000005DB 668B4304            <1>     mov ax, word [rbx + progLineBlock.wLineNum]
   144 000005DF EBDD                <1>     jmp short .walk
   145                              <1> .sort:
   146 000005E1 66FFC0              <1>     inc ax  ;If no candidates, exit
   147 000005E4 740E                <1>     jz .skipLink
   148                              <1>     ;rdi points to the previous line to link to
   149 000005E6 488B5706            <1>     mov rdx, qword [rdi + progLineBlock.qPtr]
   150 000005EA 48897706            <1>     mov qword [rdi + progLineBlock.qPtr], rsi   ;Insert self here
   151 000005EE 48895606            <1>     mov qword [rsi + progLineBlock.qPtr], rdx   ;Link new block to next line
   152 000005F2 EB20                <1>     jmp short .exit
   153                              <1> .skipLink:
   154 000005F4 48897306            <1>     mov qword [rbx + progLineBlock.qPtr], rsi   ;Link rsi to last element in list
   155 000005F8 48C74606FFFFFFFF    <1>     mov qword [rsi + progLineBlock.qPtr], -1    ;End of chain marker
   156 00000600 EB12                <1>     jmp short .exit
   157                              <1> .first:
   158 00000602 488935(1A110000)    <1>     mov qword [firstLinPtr], rsi
   159 00000609 66890D(22110000)    <1>     mov word [firstLinNum], cx
   160 00000610 48895E06            <1>     mov qword [rsi + progLineBlock.qPtr], rbx   ;Put the old first line as second line
   161                              <1> .exit:
   162 00000614 5F                  <1>     pop rdi
   163 00000615 5A                  <1>     pop rdx
   164 00000616 59                  <1>     pop rcx
   165 00000617 5B                  <1>     pop rbx
   166 00000618 58                  <1>     pop rax
   167 00000619 C3                  <1>     ret
   168                              <1> 
   169                              <1> makeEditVariable:
   170                              <1> ;Will make a variable if it is a new name, or edit the value if it already exists
   171                              <1> ;Input: rsi = Var name
   172                              <1> ;       rax = Value/String Pointer
   173 0000061A 50                  <1>     push rax
   174 0000061B 53                  <1>     push rbx
   175 0000061C 51                  <1>     push rcx
   176                              <1> 
   177 0000061D E805FCFFFF          <1>     call getVarNameLength   ;Get the length in ecx, clear upper of rcx
   178 00000622 E82DFCFFFF          <1>     call getVarType ;Get type in rbx
   179 00000627 85DB                <1>     test ebx, ebx
   180 00000629 7507                <1>     jnz .string
   181 0000062B E80B000000          <1>     call makeEditInteger
   182 00000630 EB05                <1>     jmp short .exit
   183                              <1> .string:
   184 00000632 E850000000          <1>     call makeEditString
   185                              <1> .exit:
   186 00000637 59                  <1>     pop rcx
   187 00000638 5B                  <1>     pop rbx
   188 00000639 58                  <1>     pop rax
   189 0000063A C3                  <1>     ret
   190                              <1> 
   191                              <1> makeEditInteger:
   192                              <1> ;Will make a variable if it is new name, or edit the value if it already exists
   193                              <1> ;Input: rsi = Var name
   194                              <1> ;       (e)cx = Length of varname, max 40 chars
   195                              <1> ;       rax = Value
   196 0000063B E8E4FEFFFF          <1>     call findVariable   ;rbx returned with var block or -1
   197 00000640 4881FBFFFFFFFF      <1>     cmp rbx, -1
   198 00000647 7405                <1>     je .newVar
   199 00000649 48894304            <1>     mov qword [rbx + varBlock.qValue], rax
   200 0000064D C3                  <1>     ret
   201                              <1> .newVar:
   202 0000064E 90                  <1>     nop
   203 0000064F E874FEFFFF          <1>     call allocateBlock
   204 00000654 4881FBFFFFFFFF      <1>     cmp rbx, -1
   205 0000065B 741E                <1>     je .error
   206 0000065D 48894304            <1>     mov qword [rbx + varBlock.qValue], rax  ;Save value
   207 00000661 66894B01            <1>     mov word [rbx + varBlock.wBlockSize], cx    ;Save length of name
   208 00000665 668143010C00        <1>     add word [rbx + varBlock.wBlockSize], varBlock_size ;Add full block size
   209 0000066B C6430301            <1>     mov byte [rbx + varBlock.bBlockType], varBlockType  ;Block type
   210 0000066F 57                  <1>     push rdi
   211 00000670 488D7B0C            <1>     lea rdi, qword [rbx + varBlock.sVarName]
   212 00000674 E81A000000          <1>     call strcpy ;Copy the string name into block buffer
   213 00000679 5F                  <1>     pop rdi
   214 0000067A C3                  <1>     ret
   215                              <1> .error:
   216 0000067B 488D2DE2000000      <1>     lea rbp, noMem
   217 00000682 E927FAFFFF          <1>     jmp criticalError
   218                              <1> makeEditString:
   219                              <1> ;Will make a string if it is new name, or replace the string. Strings are null termin
   220                              <1> ;Input: rsi = Var name
   221                              <1> ;       ecx = Length of varname
   222                              <1> ;       rax = Ptr to string
   223                              <1> ;FOR NOW, JUST THROW ERRORS
   224 00000687 488D2DE6000000      <1>     lea rbp, syntax
   225 0000068E E91BFAFFFF          <1>     jmp criticalError
   226                              <1> ;------------------------------------------------:
   227                              <1> ;  The below are misc memory related functions   :
   228                              <1> ;------------------------------------------------:
   229                              <1> strcpy:
   230                              <1> ;rdi = Destination string
   231                              <1> ;rsi = Source string
   232                              <1> ;rcx = Number of Chars to copy
   233 00000693 57                  <1>     push rdi
   234 00000694 56                  <1>     push rsi
   235 00000695 51                  <1>     push rcx
   236 00000696 F3A4                <1>     rep movsb
   237 00000698 59                  <1>     pop rcx
   238 00000699 5E                  <1>     pop rsi
   239 0000069A 5F                  <1>     pop rdi
   240 0000069B C3                  <1>     ret
   241                              <1> strlen:
   242                              <1> ;Input: rsi = String start
   243                              <1> ;Output: rsi = String start
   244                              <1> ;        ecx = String length, inclusive of NULL char
   245 0000069C 50                  <1>     push rax
   246 0000069D 56                  <1>     push rsi
   247 0000069E 31C9                <1>     xor ecx, ecx    ;Clear counter
   248                              <1> .search:
   249 000006A0 AC                  <1>     lodsb
   250 000006A1 FFC1                <1>     inc ecx
   251 000006A3 84C0                <1>     test al, al ;Is this a null char?
   252 000006A5 75F9                <1>     jnz .search ;Null not found
   253                              <1> .exit:
   254 000006A7 5E                  <1>     pop rsi
   255 000006A8 58                  <1>     pop rax
   256 000006A9 C3                  <1>     ret
   257                              <1> 
   258                              <1> memoryDetection:
   259 000006AA B820E80000          <1>     mov eax, 0E820h
   260 000006AF CD35                <1>     int 35h     ;rax = ptr to start, rsi = ptr to data table, each entry 24 bytes
   261 000006B1 EB07                <1>     jmp short .fsa1
   262                              <1> .findStartAddr:
   263 000006B3 4881C618000000      <1>     add rsi, 24 ;Goto next entry
   264                              <1> .fsa1:
   265 000006BA 6685C9              <1>     test cx, cx
   266 000006BD 742C                <1>     jz .worstCase
   267 000006BF 66FFC9              <1>     dec cx
   268 000006C2 488B1E              <1>     mov rbx, qword [rsi]    ;Get the address entry into rbx
   269 000006C5 4839C3              <1>     cmp rbx, rax    
   270 000006C8 75E9                <1>     jne .findStartAddr
   271 000006CA 488B4608            <1>     mov rax, qword [rsi + 8] ;Get the number of bytes saved into rax
   272                              <1> 
   273 000006CE 488D15(00000000)    <1>     lea rdx, section.programArea.vstart
   274 000006D5 4829DA              <1>     sub rdx, rbx    ;Get the size of the interpreter and internal data area
   275 000006D8 4829D0              <1>     sub rax, rdx    ;Remove the number of bytes reserved to the interpreter
   276 000006DB E88FFDFFFF          <1>     call printdecimalword
   277 000006E0 4801C3              <1>     add rbx, rax    ;Add number of bytes to start address
   278 000006E3 48891D(00110000)    <1>     mov qword [maxMemAddr], rbx ;Save this address
   279                              <1> .exit:
   280 000006EA C3                  <1>     ret
   281                              <1> .worstCase:
   282                              <1> ;Assume 2Mb MAX memory, rax has base address
   283 000006EB 48BB00002000000000- <1>     mov rbx, 200000h    ;2Mb value
   283 000006F4 00                  <1>
   284 000006F5 4829C3              <1>     sub rbx, rax
   285 000006F8 4889D8              <1>     mov rax, rbx    ;Get value in rax
   286 000006FB E86FFDFFFF          <1>     call printdecimalword
   287 00000700 48C705(00110000)00- <1>     mov qword [maxMemAddr], 200000h
   287 00000708 002000              <1>
   288 0000070B C3                  <1>     ret
   289                              <1> 
    17                                  %include "BASICDAT.ASM"
    18 0000070C 4F6B0A0D00          <1> prompt  db "Ok",0Ah,0Dh,0
    19 00000711 5343522036342D4241- <1> mainmsg db "SCR 64-BASIC v0.1",0Ah,0Dh,0
    19 0000071A 5349432076302E310A- <1>
    19 00000723 0D00                <1>
    20 00000725 204279746573206672- <1> bytemsg db " Bytes free",0Ah,0Dh,0
    20 0000072E 65650A0D00          <1>
    21 00000733 0A0D00              <1> crlf    db 0Ah,0Dh,0
    22 00000736 4572726F720A0D00    <1> errmsg  db "Error",0Ah,0Dh,0
    23 0000073E 303132333435363738- <1> numbers db "0123456789"
    23 00000747 39                  <1>
    24 00000748 414243444546474849- <1> varChrs db "ABCDEFGHIJKLMNOPQRSTUVWXYZ%$" ;Valid chars for var name
    24 00000751 4A4B4C4D4E4F505152- <1>
    24 0000075A 535455565758595A25- <1>
    24 00000763 24                  <1>
    25                              <1> numVarChars equ 28
    26                              <1> ;% => Integer variable (8 bytes)
    27                              <1> ;! => Single-Precision, Unused and ignored
    28                              <1> ;# => Double-Precision, Unused and ignored
    29                              <1> ;$ => String variable
    30                              <1> 
    31                              <1> ;Error Messages
    32 00000764 4F7574206F66204D65- <1> noMem   db "Out of Memory",0Ah,0Dh,0
    32 0000076D 6D6F72790A0D00      <1>
    33 00000774 53796E746178204572- <1> syntax  db "Syntax Error",0Ah,0Dh,0
    33 0000077D 726F720A0D00        <1>
    34 00000783 54797065206D69736D- <1> typeError   db "Type mismatch",0Ah,0Dh,0
    34 0000078C 617463680A0D00      <1>
    35 00000793 556E646566696E6564- <1> lineNoXist  db "Undefined line number",0Ah,0Dh,0
    35 0000079C 206C696E65206E756D- <1>
    35 000007A5 6265720A0D00        <1>
    18                                  Segment programArea follows=resSeg align=1 vfollows=resSeg valign=1
    19                                  ENDOFPROGRAM:
